#
# There is insufficient memory for the Java Runtime Environment to continue.
# Native memory allocation (malloc) failed to allocate 150672 bytes for Chunk::new
# Possible reasons:
#   The system is out of physical RAM or swap space
#   The process is running with CompressedOops enabled, and the Java Heap may be blocking the growth of the native heap
# Possible solutions:
#   Reduce memory load on the system
#   Increase physical memory or swap space
#   Check if swap backing store is full
#   Decrease Java heap size (-Xmx/-Xms)
#   Decrease number of Java threads
#   Decrease Java thread stack sizes (-Xss)
#   Set larger code cache with -XX:ReservedCodeCacheSize=
#   JVM is running with Unscaled Compressed Oops mode in which the Java heap is
#     placed in the first 4GB address space. The Java Heap base address is the
#     maximum limit for the native heap growth. Please use -XX:HeapBaseMinAddress
#     to set the Java Heap base and to place the Java Heap above 4GB virtual address.
# This output file may be truncated or incomplete.
#
#  Out of Memory Error (arena.cpp:189), pid=6268, tid=5004
#
# JRE version: OpenJDK Runtime Environment JBR-17.0.6+1-653.34-jcef (17.0.6+1) (build 17.0.6+1-b653.34)
# Java VM: OpenJDK 64-Bit Server VM JBR-17.0.6+1-653.34-jcef (17.0.6+1-b653.34, mixed mode, tiered, compressed oops, compressed class ptrs, g1 gc, windows-amd64)
# No core dump will be written. Minidumps are not enabled by default on client versions of Windows
#

---------------  S U M M A R Y ------------

Command Line: -Dawt.toolkit=com.intellij.desktop.DesktopActionsToolkit -Djava.rmi.server.hostname=127.0.0.1 -Duser.timezone=UTC -Xmx750m -Xms128m --add-exports=java.desktop/sun.awt=ALL-UNNAMED --add-exports=java.desktop/java.awt.peer=ALL-UNNAMED --add-opens=java.desktop/java.awt=ALL-UNNAMED --add-opens=jdk.unsupported/sun.misc=ALL-UNNAMED --add-opens=java.base/java.nio=ALL-UNNAMED --add-opens=java.base/java.util=ALL-UNNAMED -Dfile.encoding=UTF-8 com.intellij.database.remote.RemoteJdbcServer org.postgresql.Driver

Host: Intel(R) Core(TM) i3-10100F CPU @ 3.60GHz, 8 cores, 7G,  Windows 10 , 64 bit Build 19041 (10.0.19041.2788)
Time: Tue Apr 25 01:33:35 2023 RTZ 2 (s 10 , 64 bit Build 19041 (10.0.19041.2788) elapsed time: 3475.359001 seconds (0d 0h 57m 55s)

---------------  T H R E A D  ---------------

Current thread (0x000001b884424bf0):  JavaThread "C2 CompilerThread0" daemon [_thread_in_native, id=5004, stack(0x0000000724c00000,0x0000000724d00000)]


Current CompileTask:
C2:3475359 2268       4       java.io.ObjectOutputStream$HandleTable::<init> (45 bytes)

Stack: [0x0000000724c00000,0x0000000724d00000]
Native frames: (J=compiled Java code, j=interpreted, Vv=VM code, C=native code)
V  [jvm.dll+0x683b4a]
V  [jvm.dll+0x842654]
V  [jvm.dll+0x843dfe]
V  [jvm.dll+0x844463]
V  [jvm.dll+0x249b75]
V  [jvm.dll+0xabcac]
V  [jvm.dll+0xac27c]
V  [jvm.dll+0x368857]
V  [jvm.dll+0x332f31]
V  [jvm.dll+0x3323da]
V  [jvm.dll+0x21c201]
V  [jvm.dll+0x21b621]
V  [jvm.dll+0x1a4fdd]
V  [jvm.dll+0x22b098]
V  [jvm.dll+0x229159]
V  [jvm.dll+0x7f809c]
V  [jvm.dll+0x7f25fa]
V  [jvm.dll+0x682985]
C  [ucrtbase.dll+0x21bb2]
C  [KERNEL32.DLL+0x17604]
C  [ntdll.dll+0x526a1]


---------------  P R O C E S S  ---------------

Threads class SMR info:
_java_thread_list=0x000001b886799790, length=22, elements={
0x000001b8ea9adf50, 0x000001b883a7e260, 0x000001b883a7efe0, 0x000001b883a8d360,
0x000001b883a8dd20, 0x000001b883a8e5e0, 0x000001b884424000, 0x000001b884424bf0,
0x000001b884428aa0, 0x000001b8844293a0, 0x000001b8845ac030, 0x000001b8845b20e0,
0x000001b8848c1c30, 0x000001b8848c2f70, 0x000001b8848c25d0, 0x000001b8848c1760,
0x000001b8848c2100, 0x000001b8848c3910, 0x000001b8848c08f0, 0x000001b8848c2aa0,
0x000001b8848bff50, 0x000001b8848c3440
}

Java Threads: ( => current thread )
  0x000001b8ea9adf50 JavaThread "main" [_thread_blocked, id=3880, stack(0x0000000723f00000,0x0000000724000000)]
  0x000001b883a7e260 JavaThread "Reference Handler" daemon [_thread_blocked, id=13756, stack(0x0000000724600000,0x0000000724700000)]
  0x000001b883a7efe0 JavaThread "Finalizer" daemon [_thread_blocked, id=6056, stack(0x0000000724700000,0x0000000724800000)]
  0x000001b883a8d360 JavaThread "Signal Dispatcher" daemon [_thread_blocked, id=15048, stack(0x0000000724800000,0x0000000724900000)]
  0x000001b883a8dd20 JavaThread "Attach Listener" daemon [_thread_blocked, id=5524, stack(0x0000000724900000,0x0000000724a00000)]
  0x000001b883a8e5e0 JavaThread "Service Thread" daemon [_thread_blocked, id=13176, stack(0x0000000724a00000,0x0000000724b00000)]
  0x000001b884424000 JavaThread "Monitor Deflation Thread" daemon [_thread_blocked, id=3068, stack(0x0000000724b00000,0x0000000724c00000)]
=>0x000001b884424bf0 JavaThread "C2 CompilerThread0" daemon [_thread_in_native, id=5004, stack(0x0000000724c00000,0x0000000724d00000)]
  0x000001b884428aa0 JavaThread "C1 CompilerThread0" daemon [_thread_blocked, id=1380, stack(0x0000000724d00000,0x0000000724e00000)]
  0x000001b8844293a0 JavaThread "Sweeper thread" daemon [_thread_blocked, id=20164, stack(0x0000000724e00000,0x0000000724f00000)]
  0x000001b8845ac030 JavaThread "Common-Cleaner" daemon [_thread_blocked, id=13236, stack(0x0000000724f00000,0x0000000725000000)]
  0x000001b8845b20e0 JavaThread "Notification Thread" daemon [_thread_blocked, id=8360, stack(0x0000000725000000,0x0000000725100000)]
  0x000001b8848c1c30 JavaThread "Java2D Disposer" daemon [_thread_blocked, id=11496, stack(0x0000000725300000,0x0000000725400000)]
  0x000001b8848c2f70 JavaThread "AWT-Windows" daemon [_thread_in_native, id=3968, stack(0x0000000725500000,0x0000000725600000)]
  0x000001b8848c25d0 JavaThread "RMI TCP Accept-56075" daemon [_thread_in_native, id=5144, stack(0x0000000725600000,0x0000000725700000)]
  0x000001b8848c1760 JavaThread "RMI TCP Accept-0" daemon [_thread_in_native, id=9308, stack(0x0000000725700000,0x0000000725800000)]
  0x000001b8848c2100 JavaThread "RMI Reaper" [_thread_blocked, id=15972, stack(0x0000000725800000,0x0000000725900000)]
  0x000001b8848c3910 JavaThread "RMI GC Daemon" daemon [_thread_blocked, id=19804, stack(0x0000000725900000,0x0000000725a00000)]
  0x000001b8848c08f0 JavaThread "RMI TCP Connection(1)-127.0.0.1" daemon [_thread_in_native, id=7560, stack(0x0000000725a00000,0x0000000725b00000)]
  0x000001b8848c2aa0 JavaThread "RMI Scheduler(0)" daemon [_thread_blocked, id=1192, stack(0x0000000725b00000,0x0000000725c00000)]
  0x000001b8848bff50 JavaThread "RMI TCP Connection(2)-127.0.0.1" daemon [_thread_in_native, id=8600, stack(0x0000000725c00000,0x0000000725d00000)]
  0x000001b8848c3440 JavaThread "RMI RenewClean-[127.0.0.1:52158]" daemon [_thread_blocked, id=20504, stack(0x0000000725d00000,0x0000000725e00000)]

Other Threads:
  0x000001b883a5aae0 VMThread "VM Thread" [stack: 0x0000000724500000,0x0000000724600000] [id=4168]
  0x000001b8eaa3e060 WatcherThread [stack: 0x0000000725100000,0x0000000725200000] [id=9600]
  0x000001b8ea9e4a50 GCTaskThread "GC Thread#0" [stack: 0x0000000724000000,0x0000000724100000] [id=18424]
  0x000001b886283480 GCTaskThread "GC Thread#1" [stack: 0x0000000725f00000,0x0000000726000000] [id=20888]
  0x000001b8865a23d0 GCTaskThread "GC Thread#2" [stack: 0x0000000726000000,0x0000000726100000] [id=9508]
  0x000001b8865a2680 GCTaskThread "GC Thread#3" [stack: 0x0000000726100000,0x0000000726200000] [id=14372]
  0x000001b8866f9dc0 GCTaskThread "GC Thread#4" [stack: 0x0000000726200000,0x0000000726300000] [id=8612]
  0x000001b88616e420 GCTaskThread "GC Thread#5" [stack: 0x0000000726300000,0x0000000726400000] [id=16196]
  0x000001b886434d50 GCTaskThread "GC Thread#6" [stack: 0x0000000726400000,0x0000000726500000] [id=8908]
  0x000001b884ee3250 GCTaskThread "GC Thread#7" [stack: 0x0000000726500000,0x0000000726600000] [id=7776]
  0x000001b8ea9eb660 ConcurrentGCThread "G1 Main Marker" [stack: 0x0000000724100000,0x0000000724200000] [id=15968]
  0x000001b8ea9ebf80 ConcurrentGCThread "G1 Conc#0" [stack: 0x0000000724200000,0x0000000724300000] [id=15604]
  0x000001b8eaa7e140 ConcurrentGCThread "G1 Refine#0" [stack: 0x0000000724300000,0x0000000724400000] [id=11740]
  0x000001b885f88a30 ConcurrentGCThread "G1 Refine#1" [stack: 0x0000000726600000,0x0000000726700000] [id=16724]
  0x000001b88631c0a0 ConcurrentGCThread "G1 Refine#2" [stack: 0x0000000726700000,0x0000000726800000] [id=17680]
  0x000001b8863341e0 ConcurrentGCThread "G1 Refine#3" [stack: 0x0000000726800000,0x0000000726900000] [id=17552]
  0x000001b8846f8190 ConcurrentGCThread "G1 Refine#4" [stack: 0x0000000726900000,0x0000000726a00000] [id=12424]
  0x000001b8eaa7ea70 ConcurrentGCThread "G1 Service" [stack: 0x0000000724400000,0x0000000724500000] [id=1064]

Threads with active compile tasks:
C2 CompilerThread0  3475381 2268       4       java.io.ObjectOutputStream$HandleTable::<init> (45 bytes)

VM state: not at safepoint (normal execution)

VM Mutex/Monitor currently owned by a thread: None

Heap address: 0x00000000d1200000, size: 750 MB, Compressed Oops mode: 32-bit

CDS archive(s) not mapped
Compressed class space mapped at: 0x0000000100000000-0x0000000140000000, reserved size: 1073741824
Narrow klass base: 0x0000000000000000, Narrow klass shift: 3, Narrow klass range: 0x140000000

GC Precious Log:
 CPUs: 8 total, 8 available
 Memory: 8041M
 Large Page Support: Disabled
 NUMA Support: Disabled
 Compressed Oops: Enabled (32-bit)
 Heap Region Size: 1M
 Heap Min Capacity: 128M
 Heap Initial Capacity: 128M
 Heap Max Capacity: 750M
 Pre-touch: Disabled
 Parallel Workers: 8
 Concurrent Workers: 2
 Concurrent Refinement Workers: 8
 Periodic GC: Disabled

Heap:
 garbage-first heap   total 131072K, used 18671K [0x00000000d1200000, 0x0000000100000000)
  region size 1024K, 11 young (11264K), 1 survivors (1024K)
 Metaspace       used 20754K, committed 21120K, reserved 1073152K
  class space    used 2084K, committed 2240K, reserved 1048576K

Heap Regions: E=young(eden), S=young(survivor), O=old, HS=humongous(starts), HC=humongous(continues), CS=collection set, F=free, OA=open archive, CA=closed archive, TAMS=top-at-mark-start (previous, next)
|   0|0x00000000d1200000, 0x00000000d1300000, 0x00000000d1300000|100%|HS|  |TAMS 0x00000000d1200000, 0x00000000d1200000| Complete 
|   1|0x00000000d1300000, 0x00000000d1400000, 0x00000000d1400000|100%|HC|  |TAMS 0x00000000d1300000, 0x00000000d1300000| Complete 
|   2|0x00000000d1400000, 0x00000000d1500000, 0x00000000d1500000|100%|HC|  |TAMS 0x00000000d1400000, 0x00000000d1400000| Complete 
|   3|0x00000000d1500000, 0x00000000d1600000, 0x00000000d1600000|100%| O|  |TAMS 0x00000000d1500000, 0x00000000d1500000| Untracked 
|   4|0x00000000d1600000, 0x00000000d1700000, 0x00000000d1700000|100%| O|  |TAMS 0x00000000d1600000, 0x00000000d1600000| Untracked 
|   5|0x00000000d1700000, 0x00000000d1800000, 0x00000000d1800000|100%| O|  |TAMS 0x00000000d1700000, 0x00000000d1700000| Untracked 
|   6|0x00000000d1800000, 0x00000000d1900000, 0x00000000d1900000|100%| O|  |TAMS 0x00000000d1800000, 0x00000000d1800000| Untracked 
|   7|0x00000000d1900000, 0x00000000d1a00000, 0x00000000d1a00000|100%| O|  |TAMS 0x00000000d1900000, 0x00000000d1900000| Untracked 
|   8|0x00000000d1a00000, 0x00000000d1a7ec00, 0x00000000d1b00000| 49%| O|  |TAMS 0x00000000d1a00000, 0x00000000d1a00000| Untracked 
|   9|0x00000000d1b00000, 0x00000000d1b00000, 0x00000000d1c00000|  0%| F|  |TAMS 0x00000000d1b00000, 0x00000000d1b00000| Untracked 
|  10|0x00000000d1c00000, 0x00000000d1c00000, 0x00000000d1d00000|  0%| F|  |TAMS 0x00000000d1c00000, 0x00000000d1c00000| Untracked 
|  11|0x00000000d1d00000, 0x00000000d1d00000, 0x00000000d1e00000|  0%| F|  |TAMS 0x00000000d1d00000, 0x00000000d1d00000| Untracked 
|  12|0x00000000d1e00000, 0x00000000d1e00000, 0x00000000d1f00000|  0%| F|  |TAMS 0x00000000d1e00000, 0x00000000d1e00000| Untracked 
|  13|0x00000000d1f00000, 0x00000000d1f00000, 0x00000000d2000000|  0%| F|  |TAMS 0x00000000d1f00000, 0x00000000d1f00000| Untracked 
|  14|0x00000000d2000000, 0x00000000d2000000, 0x00000000d2100000|  0%| F|  |TAMS 0x00000000d2000000, 0x00000000d2000000| Untracked 
|  15|0x00000000d2100000, 0x00000000d2100000, 0x00000000d2200000|  0%| F|  |TAMS 0x00000000d2100000, 0x00000000d2100000| Untracked 
|  16|0x00000000d2200000, 0x00000000d2200000, 0x00000000d2300000|  0%| F|  |TAMS 0x00000000d2200000, 0x00000000d2200000| Untracked 
|  17|0x00000000d2300000, 0x00000000d2300000, 0x00000000d2400000|  0%| F|  |TAMS 0x00000000d2300000, 0x00000000d2300000| Untracked 
|  18|0x00000000d2400000, 0x00000000d2400000, 0x00000000d2500000|  0%| F|  |TAMS 0x00000000d2400000, 0x00000000d2400000| Untracked 
|  19|0x00000000d2500000, 0x00000000d2500000, 0x00000000d2600000|  0%| F|  |TAMS 0x00000000d2500000, 0x00000000d2500000| Untracked 
|  20|0x00000000d2600000, 0x00000000d2600000, 0x00000000d2700000|  0%| F|  |TAMS 0x00000000d2600000, 0x00000000d2600000| Untracked 
|  21|0x00000000d2700000, 0x00000000d2700000, 0x00000000d2800000|  0%| F|  |TAMS 0x00000000d2700000, 0x00000000d2700000| Untracked 
|  22|0x00000000d2800000, 0x00000000d2800000, 0x00000000d2900000|  0%| F|  |TAMS 0x00000000d2800000, 0x00000000d2800000| Untracked 
|  23|0x00000000d2900000, 0x00000000d2900000, 0x00000000d2a00000|  0%| F|  |TAMS 0x00000000d2900000, 0x00000000d2900000| Untracked 
|  24|0x00000000d2a00000, 0x00000000d2a00000, 0x00000000d2b00000|  0%| F|  |TAMS 0x00000000d2a00000, 0x00000000d2a00000| Untracked 
|  25|0x00000000d2b00000, 0x00000000d2b00000, 0x00000000d2c00000|  0%| F|  |TAMS 0x00000000d2b00000, 0x00000000d2b00000| Untracked 
|  26|0x00000000d2c00000, 0x00000000d2c00000, 0x00000000d2d00000|  0%| F|  |TAMS 0x00000000d2c00000, 0x00000000d2c00000| Untracked 
|  27|0x00000000d2d00000, 0x00000000d2d00000, 0x00000000d2e00000|  0%| F|  |TAMS 0x00000000d2d00000, 0x00000000d2d00000| Untracked 
|  28|0x00000000d2e00000, 0x00000000d2e00000, 0x00000000d2f00000|  0%| F|  |TAMS 0x00000000d2e00000, 0x00000000d2e00000| Untracked 
|  29|0x00000000d2f00000, 0x00000000d2f00000, 0x00000000d3000000|  0%| F|  |TAMS 0x00000000d2f00000, 0x00000000d2f00000| Untracked 
|  30|0x00000000d3000000, 0x00000000d3000000, 0x00000000d3100000|  0%| F|  |TAMS 0x00000000d3000000, 0x00000000d3000000| Untracked 
|  31|0x00000000d3100000, 0x00000000d3100000, 0x00000000d3200000|  0%| F|  |TAMS 0x00000000d3100000, 0x00000000d3100000| Untracked 
|  32|0x00000000d3200000, 0x00000000d3200000, 0x00000000d3300000|  0%| F|  |TAMS 0x00000000d3200000, 0x00000000d3200000| Untracked 
|  33|0x00000000d3300000, 0x00000000d3300000, 0x00000000d3400000|  0%| F|  |TAMS 0x00000000d3300000, 0x00000000d3300000| Untracked 
|  34|0x00000000d3400000, 0x00000000d3400000, 0x00000000d3500000|  0%| F|  |TAMS 0x00000000d3400000, 0x00000000d3400000| Untracked 
|  35|0x00000000d3500000, 0x00000000d3500000, 0x00000000d3600000|  0%| F|  |TAMS 0x00000000d3500000, 0x00000000d3500000| Untracked 
|  36|0x00000000d3600000, 0x00000000d3600000, 0x00000000d3700000|  0%| F|  |TAMS 0x00000000d3600000, 0x00000000d3600000| Untracked 
|  37|0x00000000d3700000, 0x00000000d3700000, 0x00000000d3800000|  0%| F|  |TAMS 0x00000000d3700000, 0x00000000d3700000| Untracked 
|  38|0x00000000d3800000, 0x00000000d3800000, 0x00000000d3900000|  0%| F|  |TAMS 0x00000000d3800000, 0x00000000d3800000| Untracked 
|  39|0x00000000d3900000, 0x00000000d3900000, 0x00000000d3a00000|  0%| F|  |TAMS 0x00000000d3900000, 0x00000000d3900000| Untracked 
|  40|0x00000000d3a00000, 0x00000000d3a00000, 0x00000000d3b00000|  0%| F|  |TAMS 0x00000000d3a00000, 0x00000000d3a00000| Untracked 
|  41|0x00000000d3b00000, 0x00000000d3b00000, 0x00000000d3c00000|  0%| F|  |TAMS 0x00000000d3b00000, 0x00000000d3b00000| Untracked 
|  42|0x00000000d3c00000, 0x00000000d3c00000, 0x00000000d3d00000|  0%| F|  |TAMS 0x00000000d3c00000, 0x00000000d3c00000| Untracked 
|  43|0x00000000d3d00000, 0x00000000d3d00000, 0x00000000d3e00000|  0%| F|  |TAMS 0x00000000d3d00000, 0x00000000d3d00000| Untracked 
|  44|0x00000000d3e00000, 0x00000000d3e00000, 0x00000000d3f00000|  0%| F|  |TAMS 0x00000000d3e00000, 0x00000000d3e00000| Untracked 
|  45|0x00000000d3f00000, 0x00000000d3f00000, 0x00000000d4000000|  0%| F|  |TAMS 0x00000000d3f00000, 0x00000000d3f00000| Untracked 
|  46|0x00000000d4000000, 0x00000000d4000000, 0x00000000d4100000|  0%| F|  |TAMS 0x00000000d4000000, 0x00000000d4000000| Untracked 
|  47|0x00000000d4100000, 0x00000000d4100000, 0x00000000d4200000|  0%| F|  |TAMS 0x00000000d4100000, 0x00000000d4100000| Untracked 
|  48|0x00000000d4200000, 0x00000000d4200000, 0x00000000d4300000|  0%| F|  |TAMS 0x00000000d4200000, 0x00000000d4200000| Untracked 
|  49|0x00000000d4300000, 0x00000000d4300000, 0x00000000d4400000|  0%| F|  |TAMS 0x00000000d4300000, 0x00000000d4300000| Untracked 
|  50|0x00000000d4400000, 0x00000000d4400000, 0x00000000d4500000|  0%| F|  |TAMS 0x00000000d4400000, 0x00000000d4400000| Untracked 
|  51|0x00000000d4500000, 0x00000000d4500000, 0x00000000d4600000|  0%| F|  |TAMS 0x00000000d4500000, 0x00000000d4500000| Untracked 
|  52|0x00000000d4600000, 0x00000000d4600000, 0x00000000d4700000|  0%| F|  |TAMS 0x00000000d4600000, 0x00000000d4600000| Untracked 
|  53|0x00000000d4700000, 0x00000000d4700000, 0x00000000d4800000|  0%| F|  |TAMS 0x00000000d4700000, 0x00000000d4700000| Untracked 
|  54|0x00000000d4800000, 0x00000000d4800000, 0x00000000d4900000|  0%| F|  |TAMS 0x00000000d4800000, 0x00000000d4800000| Untracked 
|  55|0x00000000d4900000, 0x00000000d4900000, 0x00000000d4a00000|  0%| F|  |TAMS 0x00000000d4900000, 0x00000000d4900000| Untracked 
|  56|0x00000000d4a00000, 0x00000000d4a00000, 0x00000000d4b00000|  0%| F|  |TAMS 0x00000000d4a00000, 0x00000000d4a00000| Untracked 
|  57|0x00000000d4b00000, 0x00000000d4b00000, 0x00000000d4c00000|  0%| F|  |TAMS 0x00000000d4b00000, 0x00000000d4b00000| Untracked 
|  58|0x00000000d4c00000, 0x00000000d4c00000, 0x00000000d4d00000|  0%| F|  |TAMS 0x00000000d4c00000, 0x00000000d4c00000| Untracked 
|  59|0x00000000d4d00000, 0x00000000d4d00000, 0x00000000d4e00000|  0%| F|  |TAMS 0x00000000d4d00000, 0x00000000d4d00000| Untracked 
|  60|0x00000000d4e00000, 0x00000000d4e00000, 0x00000000d4f00000|  0%| F|  |TAMS 0x00000000d4e00000, 0x00000000d4e00000| Untracked 
|  61|0x00000000d4f00000, 0x00000000d4f00000, 0x00000000d5000000|  0%| F|  |TAMS 0x00000000d4f00000, 0x00000000d4f00000| Untracked 
|  62|0x00000000d5000000, 0x00000000d5000000, 0x00000000d5100000|  0%| F|  |TAMS 0x00000000d5000000, 0x00000000d5000000| Untracked 
|  63|0x00000000d5100000, 0x00000000d5100000, 0x00000000d5200000|  0%| F|  |TAMS 0x00000000d5100000, 0x00000000d5100000| Untracked 
|  64|0x00000000d5200000, 0x00000000d5200000, 0x00000000d5300000|  0%| F|  |TAMS 0x00000000d5200000, 0x00000000d5200000| Untracked 
|  65|0x00000000d5300000, 0x00000000d5300000, 0x00000000d5400000|  0%| F|  |TAMS 0x00000000d5300000, 0x00000000d5300000| Untracked 
|  66|0x00000000d5400000, 0x00000000d5400000, 0x00000000d5500000|  0%| F|  |TAMS 0x00000000d5400000, 0x00000000d5400000| Untracked 
|  67|0x00000000d5500000, 0x00000000d5500000, 0x00000000d5600000|  0%| F|  |TAMS 0x00000000d5500000, 0x00000000d5500000| Untracked 
|  68|0x00000000d5600000, 0x00000000d5600000, 0x00000000d5700000|  0%| F|  |TAMS 0x00000000d5600000, 0x00000000d5600000| Untracked 
|  69|0x00000000d5700000, 0x00000000d5700000, 0x00000000d5800000|  0%| F|  |TAMS 0x00000000d5700000, 0x00000000d5700000| Untracked 
|  70|0x00000000d5800000, 0x00000000d5800000, 0x00000000d5900000|  0%| F|  |TAMS 0x00000000d5800000, 0x00000000d5800000| Untracked 
|  71|0x00000000d5900000, 0x00000000d5900000, 0x00000000d5a00000|  0%| F|  |TAMS 0x00000000d5900000, 0x00000000d5900000| Untracked 
|  72|0x00000000d5a00000, 0x00000000d5a00000, 0x00000000d5b00000|  0%| F|  |TAMS 0x00000000d5a00000, 0x00000000d5a00000| Untracked 
|  73|0x00000000d5b00000, 0x00000000d5b00000, 0x00000000d5c00000|  0%| F|  |TAMS 0x00000000d5b00000, 0x00000000d5b00000| Untracked 
|  74|0x00000000d5c00000, 0x00000000d5c00000, 0x00000000d5d00000|  0%| F|  |TAMS 0x00000000d5c00000, 0x00000000d5c00000| Untracked 
|  75|0x00000000d5d00000, 0x00000000d5d00000, 0x00000000d5e00000|  0%| F|  |TAMS 0x00000000d5d00000, 0x00000000d5d00000| Untracked 
|  76|0x00000000d5e00000, 0x00000000d5e00000, 0x00000000d5f00000|  0%| F|  |TAMS 0x00000000d5e00000, 0x00000000d5e00000| Untracked 
|  77|0x00000000d5f00000, 0x00000000d5f00000, 0x00000000d6000000|  0%| F|  |TAMS 0x00000000d5f00000, 0x00000000d5f00000| Untracked 
|  78|0x00000000d6000000, 0x00000000d6000000, 0x00000000d6100000|  0%| F|  |TAMS 0x00000000d6000000, 0x00000000d6000000| Untracked 
|  79|0x00000000d6100000, 0x00000000d6100000, 0x00000000d6200000|  0%| F|  |TAMS 0x00000000d6100000, 0x00000000d6100000| Untracked 
|  80|0x00000000d6200000, 0x00000000d6200000, 0x00000000d6300000|  0%| F|  |TAMS 0x00000000d6200000, 0x00000000d6200000| Untracked 
|  81|0x00000000d6300000, 0x00000000d6300000, 0x00000000d6400000|  0%| F|  |TAMS 0x00000000d6300000, 0x00000000d6300000| Untracked 
|  82|0x00000000d6400000, 0x00000000d6400000, 0x00000000d6500000|  0%| F|  |TAMS 0x00000000d6400000, 0x00000000d6400000| Untracked 
|  83|0x00000000d6500000, 0x00000000d6500000, 0x00000000d6600000|  0%| F|  |TAMS 0x00000000d6500000, 0x00000000d6500000| Untracked 
|  84|0x00000000d6600000, 0x00000000d6600000, 0x00000000d6700000|  0%| F|  |TAMS 0x00000000d6600000, 0x00000000d6600000| Untracked 
|  85|0x00000000d6700000, 0x00000000d6700000, 0x00000000d6800000|  0%| F|  |TAMS 0x00000000d6700000, 0x00000000d6700000| Untracked 
|  86|0x00000000d6800000, 0x00000000d6800000, 0x00000000d6900000|  0%| F|  |TAMS 0x00000000d6800000, 0x00000000d6800000| Untracked 
|  87|0x00000000d6900000, 0x00000000d6900000, 0x00000000d6a00000|  0%| F|  |TAMS 0x00000000d6900000, 0x00000000d6900000| Untracked 
|  88|0x00000000d6a00000, 0x00000000d6a00000, 0x00000000d6b00000|  0%| F|  |TAMS 0x00000000d6a00000, 0x00000000d6a00000| Untracked 
|  89|0x00000000d6b00000, 0x00000000d6b00000, 0x00000000d6c00000|  0%| F|  |TAMS 0x00000000d6b00000, 0x00000000d6b00000| Untracked 
|  90|0x00000000d6c00000, 0x00000000d6c00000, 0x00000000d6d00000|  0%| F|  |TAMS 0x00000000d6c00000, 0x00000000d6c00000| Untracked 
|  91|0x00000000d6d00000, 0x00000000d6d00000, 0x00000000d6e00000|  0%| F|  |TAMS 0x00000000d6d00000, 0x00000000d6d00000| Untracked 
|  92|0x00000000d6e00000, 0x00000000d6e00000, 0x00000000d6f00000|  0%| F|  |TAMS 0x00000000d6e00000, 0x00000000d6e00000| Untracked 
|  93|0x00000000d6f00000, 0x00000000d6f00000, 0x00000000d7000000|  0%| F|  |TAMS 0x00000000d6f00000, 0x00000000d6f00000| Untracked 
|  94|0x00000000d7000000, 0x00000000d7000000, 0x00000000d7100000|  0%| F|  |TAMS 0x00000000d7000000, 0x00000000d7000000| Untracked 
|  95|0x00000000d7100000, 0x00000000d7100000, 0x00000000d7200000|  0%| F|  |TAMS 0x00000000d7100000, 0x00000000d7100000| Untracked 
|  96|0x00000000d7200000, 0x00000000d7200000, 0x00000000d7300000|  0%| F|  |TAMS 0x00000000d7200000, 0x00000000d7200000| Untracked 
|  97|0x00000000d7300000, 0x00000000d7300000, 0x00000000d7400000|  0%| F|  |TAMS 0x00000000d7300000, 0x00000000d7300000| Untracked 
|  98|0x00000000d7400000, 0x00000000d7400000, 0x00000000d7500000|  0%| F|  |TAMS 0x00000000d7400000, 0x00000000d7400000| Untracked 
|  99|0x00000000d7500000, 0x00000000d7500000, 0x00000000d7600000|  0%| F|  |TAMS 0x00000000d7500000, 0x00000000d7500000| Untracked 
| 100|0x00000000d7600000, 0x00000000d7600000, 0x00000000d7700000|  0%| F|  |TAMS 0x00000000d7600000, 0x00000000d7600000| Untracked 
| 101|0x00000000d7700000, 0x00000000d7700000, 0x00000000d7800000|  0%| F|  |TAMS 0x00000000d7700000, 0x00000000d7700000| Untracked 
| 102|0x00000000d7800000, 0x00000000d7800000, 0x00000000d7900000|  0%| F|  |TAMS 0x00000000d7800000, 0x00000000d7800000| Untracked 
| 103|0x00000000d7900000, 0x00000000d7900000, 0x00000000d7a00000|  0%| F|  |TAMS 0x00000000d7900000, 0x00000000d7900000| Untracked 
| 104|0x00000000d7a00000, 0x00000000d7a00000, 0x00000000d7b00000|  0%| F|  |TAMS 0x00000000d7a00000, 0x00000000d7a00000| Untracked 
| 105|0x00000000d7b00000, 0x00000000d7b00000, 0x00000000d7c00000|  0%| F|  |TAMS 0x00000000d7b00000, 0x00000000d7b00000| Untracked 
| 106|0x00000000d7c00000, 0x00000000d7c00000, 0x00000000d7d00000|  0%| F|  |TAMS 0x00000000d7c00000, 0x00000000d7c00000| Untracked 
| 107|0x00000000d7d00000, 0x00000000d7dbd1c0, 0x00000000d7e00000| 73%| S|CS|TAMS 0x00000000d7d00000, 0x00000000d7d00000| Complete 
| 108|0x00000000d7e00000, 0x00000000d7e00000, 0x00000000d7f00000|  0%| F|  |TAMS 0x00000000d7e00000, 0x00000000d7e00000| Untracked 
| 109|0x00000000d7f00000, 0x00000000d7f00000, 0x00000000d8000000|  0%| F|  |TAMS 0x00000000d7f00000, 0x00000000d7f00000| Untracked 
| 110|0x00000000d8000000, 0x00000000d8000000, 0x00000000d8100000|  0%| F|  |TAMS 0x00000000d8000000, 0x00000000d8000000| Untracked 
| 111|0x00000000d8100000, 0x00000000d8100000, 0x00000000d8200000|  0%| F|  |TAMS 0x00000000d8100000, 0x00000000d8100000| Untracked 
| 112|0x00000000d8200000, 0x00000000d8200000, 0x00000000d8300000|  0%| F|  |TAMS 0x00000000d8200000, 0x00000000d8200000| Untracked 
| 113|0x00000000d8300000, 0x00000000d8300000, 0x00000000d8400000|  0%| F|  |TAMS 0x00000000d8300000, 0x00000000d8300000| Untracked 
| 114|0x00000000d8400000, 0x00000000d8400000, 0x00000000d8500000|  0%| F|  |TAMS 0x00000000d8400000, 0x00000000d8400000| Untracked 
| 115|0x00000000d8500000, 0x00000000d8500000, 0x00000000d8600000|  0%| F|  |TAMS 0x00000000d8500000, 0x00000000d8500000| Untracked 
| 116|0x00000000d8600000, 0x00000000d8600000, 0x00000000d8700000|  0%| F|  |TAMS 0x00000000d8600000, 0x00000000d8600000| Untracked 
| 117|0x00000000d8700000, 0x00000000d8700000, 0x00000000d8800000|  0%| F|  |TAMS 0x00000000d8700000, 0x00000000d8700000| Untracked 
| 118|0x00000000d8800000, 0x00000000d8900000, 0x00000000d8900000|100%| E|  |TAMS 0x00000000d8800000, 0x00000000d8800000| Complete 
| 119|0x00000000d8900000, 0x00000000d8a00000, 0x00000000d8a00000|100%| E|CS|TAMS 0x00000000d8900000, 0x00000000d8900000| Complete 
| 120|0x00000000d8a00000, 0x00000000d8b00000, 0x00000000d8b00000|100%| E|CS|TAMS 0x00000000d8a00000, 0x00000000d8a00000| Complete 
| 121|0x00000000d8b00000, 0x00000000d8c00000, 0x00000000d8c00000|100%| E|CS|TAMS 0x00000000d8b00000, 0x00000000d8b00000| Complete 
| 122|0x00000000d8c00000, 0x00000000d8d00000, 0x00000000d8d00000|100%| E|CS|TAMS 0x00000000d8c00000, 0x00000000d8c00000| Complete 
| 123|0x00000000d8d00000, 0x00000000d8e00000, 0x00000000d8e00000|100%| E|CS|TAMS 0x00000000d8d00000, 0x00000000d8d00000| Complete 
| 124|0x00000000d8e00000, 0x00000000d8f00000, 0x00000000d8f00000|100%| E|CS|TAMS 0x00000000d8e00000, 0x00000000d8e00000| Complete 
| 125|0x00000000d8f00000, 0x00000000d9000000, 0x00000000d9000000|100%| E|CS|TAMS 0x00000000d8f00000, 0x00000000d8f00000| Complete 
| 126|0x00000000d9000000, 0x00000000d9100000, 0x00000000d9100000|100%| E|CS|TAMS 0x00000000d9000000, 0x00000000d9000000| Complete 
| 127|0x00000000d9100000, 0x00000000d9200000, 0x00000000d9200000|100%| E|CS|TAMS 0x00000000d9100000, 0x00000000d9100000| Complete 

Card table byte_map: [0x000001b8ff4f0000,0x000001b8ff670000] _byte_map_base: 0x000001b8fee67000

Marking Bits (Prev, Next): (CMBitMap*) 0x000001b8ea9e4f70, (CMBitMap*) 0x000001b8ea9e4fb0
 Prev Bits: [0x000001b880000000, 0x000001b880bb8000)
 Next Bits: [0x000001b880bc0000, 0x000001b881778000)

Polling page: 0x000001b8eaa80000

Metaspace:

Usage:
  Non-class:     18.23 MB used.
      Class:      2.04 MB used.
       Both:     20.27 MB used.

Virtual space:
  Non-class space:       24.00 MB reserved,      18.44 MB ( 77%) committed,  3 nodes.
      Class space:        1.00 GB reserved,       2.19 MB ( <1%) committed,  1 nodes.
             Both:        1.02 GB reserved,      20.62 MB (  2%) committed. 

Chunk freelists:
   Non-Class:  1022.00 KB
       Class:  1.69 MB
        Both:  2.68 MB

MaxMetaspaceSize: unlimited
CompressedClassSpaceSize: 1.00 GB
Initial GC threshold: 21.00 MB
Current GC threshold: 21.00 MB
CDS: off
MetaspaceReclaimPolicy: balanced
 - commit_granule_bytes: 65536.
 - commit_granule_words: 8192.
 - virtual_space_node_default_size: 1048576.
 - enlarge_chunks_in_place: 1.
 - new_chunks_are_fully_committed: 0.
 - uncommit_free_chunks: 1.
 - use_allocation_guard: 0.
 - handle_deallocations: 1.


Internal statistics:

num_allocs_failed_limit: 0.
num_arena_births: 306.
num_arena_deaths: 0.
num_vsnodes_births: 4.
num_vsnodes_deaths: 0.
num_space_committed: 330.
num_space_uncommitted: 0.
num_chunks_returned_to_freelist: 0.
num_chunks_taken_from_freelist: 651.
num_chunk_merges: 0.
num_chunk_splits: 362.
num_chunks_enlarged: 162.
num_purges: 0.
num_inconsistent_stats: 0.

CodeHeap 'non-profiled nmethods': size=120000Kb used=1121Kb max_used=1121Kb free=118878Kb
 bounds [0x000001b8f73c0000, 0x000001b8f7630000, 0x000001b8fe8f0000]
CodeHeap 'profiled nmethods': size=120000Kb used=4461Kb max_used=4461Kb free=115538Kb
 bounds [0x000001b8ef8f0000, 0x000001b8efd50000, 0x000001b8f6e20000]
CodeHeap 'non-nmethods': size=5760Kb used=1240Kb max_used=1322Kb free=4519Kb
 bounds [0x000001b8f6e20000, 0x000001b8f7090000, 0x000001b8f73c0000]
 total_blobs=2826 nmethods=2267 adapters=472
 compilation: enabled
              stopped_count=0, restarted_count=0
 full_count=0

Compilation events (20 events):
Event: 3249.796 Thread 0x000001b884428aa0 nmethod 2258 0x000001b8efd41d90 code [0x000001b8efd41f40, 0x000001b8efd42088]
Event: 3249.796 Thread 0x000001b884428aa0 2261       3       jdk.internal.org.objectweb.asm.ClassWriter::toByteArray (1515 bytes)
Event: 3249.808 Thread 0x000001b884428aa0 nmethod 2261 0x000001b8efd42110 code [0x000001b8efd42a40, 0x000001b8efd46758]
Event: 3249.808 Thread 0x000001b884428aa0 2259       3       jdk.internal.org.objectweb.asm.ClassWriter::<init> (68 bytes)
Event: 3249.809 Thread 0x000001b884428aa0 nmethod 2259 0x000001b8efd48710 code [0x000001b8efd488e0, 0x000001b8efd48d68]
Event: 3249.809 Thread 0x000001b884428aa0 2260       3       jdk.internal.org.objectweb.asm.ClassVisitor::<init> (7 bytes)
Event: 3249.809 Thread 0x000001b884428aa0 nmethod 2260 0x000001b8efd48f10 code [0x000001b8efd490c0, 0x000001b8efd49208]
Event: 3300.439 Thread 0x000001b884428aa0 2262       3       sun.rmi.transport.tcp.TCPEndpoint::<init> (43 bytes)
Event: 3300.439 Thread 0x000001b884428aa0 nmethod 2262 0x000001b8efd49290 code [0x000001b8efd49440, 0x000001b8efd49738]
Event: 3349.326 Thread 0x000001b884428aa0 2263       3       java.util.concurrent.locks.ReentrantLock$Sync::tryRelease (51 bytes)
Event: 3349.326 Thread 0x000001b884428aa0 nmethod 2263 0x000001b8efd49810 code [0x000001b8efd499c0, 0x000001b8efd49d08]
Event: 3349.326 Thread 0x000001b884428aa0 2264       3       java.util.concurrent.locks.AbstractQueuedSynchronizer::signalNext (34 bytes)
Event: 3349.327 Thread 0x000001b884428aa0 nmethod 2264 0x000001b8efd49e10 code [0x000001b8efd49fe0, 0x000001b8efd4a298]
Event: 3352.265 Thread 0x000001b884428aa0 2265       3       java.util.concurrent.locks.ReentrantLock$NonfairSync::initialTryLock (58 bytes)
Event: 3352.266 Thread 0x000001b884428aa0 nmethod 2265 0x000001b8efd4a410 code [0x000001b8efd4a5e0, 0x000001b8efd4a9f8]
Event: 3448.344 Thread 0x000001b884428aa0 2266   !   3       sun.rmi.registry.RegistryImpl::lookup (43 bytes)
Event: 3448.345 Thread 0x000001b884428aa0 nmethod 2266 0x000001b8efd4ab10 code [0x000001b8efd4ace0, 0x000001b8efd4b1b8]
Event: 3457.346 Thread 0x000001b884424bf0 2267       4       java.lang.Thread::setContextClassLoader (28 bytes)
Event: 3457.348 Thread 0x000001b884424bf0 nmethod 2267 0x000001b8f74d8190 code [0x000001b8f74d8300, 0x000001b8f74d8498]
Event: 3475.350 Thread 0x000001b884424bf0 2268       4       java.io.ObjectOutputStream$HandleTable::<init> (45 bytes)

GC Heap History (4 events):
Event: 0.831 GC heap before
{Heap before GC invocations=0 (full 0):
 garbage-first heap   total 131072K, used 25600K [0x00000000d1200000, 0x0000000100000000)
  region size 1024K, 23 young (23552K), 0 survivors (0K)
 Metaspace       used 18723K, committed 18880K, reserved 1073152K
  class space    used 1902K, committed 1984K, reserved 1048576K
}
Event: 0.836 GC heap after
{Heap after GC invocations=1 (full 0):
 garbage-first heap   total 131072K, used 9109K [0x00000000d1200000, 0x0000000100000000)
  region size 1024K, 3 young (3072K), 3 survivors (3072K)
 Metaspace       used 18723K, committed 18880K, reserved 1073152K
  class space    used 1902K, committed 1984K, reserved 1048576K
}
Event: 15.431 GC heap before
{Heap before GC invocations=1 (full 0):
 garbage-first heap   total 131072K, used 28565K [0x00000000d1200000, 0x0000000100000000)
  region size 1024K, 23 young (23552K), 3 survivors (3072K)
 Metaspace       used 20120K, committed 20352K, reserved 1073152K
  class space    used 2027K, committed 2112K, reserved 1048576K
}
Event: 15.434 GC heap after
{Heap after GC invocations=2 (full 0):
 garbage-first heap   total 131072K, used 9455K [0x00000000d1200000, 0x0000000100000000)
  region size 1024K, 1 young (1024K), 1 survivors (1024K)
 Metaspace       used 20120K, committed 20352K, reserved 1073152K
  class space    used 2027K, committed 2112K, reserved 1048576K
}

Dll operation events (1 events):
Event: 0.004 Loaded shared library C:\Program Files\JetBrains\IntelliJ IDEA 2022.3.3\jbr\bin\java.dll

Deoptimization events (20 events):
Event: 300.425 Thread 0x000001b8848c3440 Uncommon trap: trap_request=0xffffff45 fr.pc=0x000001b8f7494acc relative=0x00000000000009ec
Event: 300.425 Thread 0x000001b8848c3440 Uncommon trap: reason=unstable_if action=reinterpret pc=0x000001b8f7494acc method=sun.nio.ch.Util$BufferCache.get(I)Ljava/nio/ByteBuffer; @ 47 c2
Event: 300.425 Thread 0x000001b8848c3440 DEOPT PACKING pc=0x000001b8f7494acc sp=0x0000000725dfecd0
Event: 300.425 Thread 0x000001b8848c3440 DEOPT UNPACKING pc=0x000001b8f6e769a3 sp=0x0000000725dfeb98 mode 2
Event: 3249.122 Thread 0x000001b8848c2f70 Uncommon trap: trap_request=0xffffff45 fr.pc=0x000001b8f7490e2c relative=0x000000000000010c
Event: 3249.122 Thread 0x000001b8848c2f70 Uncommon trap: reason=unstable_if action=reinterpret pc=0x000001b8f7490e2c method=java.lang.ThreadLocal.get()Ljava/lang/Object; @ 11 c2
Event: 3249.122 Thread 0x000001b8848c2f70 DEOPT PACKING pc=0x000001b8f7490e2c sp=0x00000007255fe850
Event: 3249.123 Thread 0x000001b8848c2f70 DEOPT UNPACKING pc=0x000001b8f6e769a3 sp=0x00000007255fe7e0 mode 2
Event: 3249.237 Thread 0x000001b8848c2f70 Uncommon trap: trap_request=0xffffff45 fr.pc=0x000001b8f74a85dc relative=0x000000000000015c
Event: 3249.237 Thread 0x000001b8848c2f70 Uncommon trap: reason=unstable_if action=reinterpret pc=0x000001b8f74a85dc method=java.util.concurrent.locks.ReentrantLock$NonfairSync.initialTryLock()Z @ 10 c2
Event: 3249.237 Thread 0x000001b8848c2f70 DEOPT PACKING pc=0x000001b8f74a85dc sp=0x00000007255fe6b0
Event: 3249.238 Thread 0x000001b8848c2f70 DEOPT UNPACKING pc=0x000001b8f6e769a3 sp=0x00000007255fe658 mode 2
Event: 3249.318 Thread 0x000001b8848c2f70 Uncommon trap: trap_request=0xffffff45 fr.pc=0x000001b8f74a6dcc relative=0x00000000000000cc
Event: 3249.318 Thread 0x000001b8848c2f70 Uncommon trap: reason=unstable_if action=reinterpret pc=0x000001b8f74a6dcc method=java.util.concurrent.locks.ReentrantLock$Sync.tryRelease(I)Z @ 26 c2
Event: 3249.319 Thread 0x000001b8848c2f70 DEOPT PACKING pc=0x000001b8f74a6dcc sp=0x00000007255fe6b0
Event: 3249.319 Thread 0x000001b8848c2f70 DEOPT UNPACKING pc=0x000001b8f6e769a3 sp=0x00000007255fe650 mode 2
Event: 3251.004 Thread 0x000001b8848c1290 Uncommon trap: trap_request=0xffffff45 fr.pc=0x000001b8f74c7bb8 relative=0x0000000000000038
Event: 3251.004 Thread 0x000001b8848c1290 Uncommon trap: reason=unstable_if action=reinterpret pc=0x000001b8f74c7bb8 method=java.util.concurrent.locks.AbstractQueuedSynchronizer.signalNext(Ljava/util/concurrent/locks/AbstractQueuedSynchronizer$Node;)V @ 10 c2
Event: 3251.004 Thread 0x000001b8848c1290 DEOPT PACKING pc=0x000001b8f74c7bb8 sp=0x0000000723cff320
Event: 3251.004 Thread 0x000001b8848c1290 DEOPT UNPACKING pc=0x000001b8f6e769a3 sp=0x0000000723cff2a0 mode 2

Classes unloaded (0 events):
No events

Classes redefined (0 events):
No events

Internal exceptions (20 events):
Event: 0.501 Thread 0x000001b8848bff50 Exception <a 'java/lang/NoSuchMethodError'{0x00000000d8529f78}: 'void java.lang.invoke.DirectMethodHandle$Holder.invokeStaticInit(java.lang.Object, java.lang.Object)'> (0x00000000d8529f78) 
thrown [s\src\hotspot\share\interpreter\linkResolver.cpp, line 771]
Event: 0.501 Thread 0x000001b8848bff50 Exception <a 'java/lang/NoSuchMethodError'{0x00000000d8530048}: 'int java.lang.invoke.DirectMethodHandle$Holder.invokeStaticInit(java.lang.Object, java.lang.Object)'> (0x00000000d8530048) 
thrown [s\src\hotspot\share\interpreter\linkResolver.cpp, line 771]
Event: 0.530 Thread 0x000001b8848bff50 Exception <a 'java/lang/NoSuchMethodError'{0x00000000d85ff420}: 'int java.lang.invoke.DirectMethodHandle$Holder.invokeSpecial(java.lang.Object, java.lang.Object, java.lang.Object)'> (0x00000000d85ff420) 
thrown [s\src\hotspot\share\interpreter\linkResolver.cpp, line 771]
Event: 0.600 Thread 0x000001b8848bff50 Exception <a 'sun/nio/fs/WindowsException'{0x00000000d81174e0}> (0x00000000d81174e0) 
thrown [s\src\hotspot\share\prims\jni.cpp, line 517]
Event: 0.637 Thread 0x000001b8848bff50 Exception <a 'java/lang/NoSuchMethodError'{0x00000000d81626d0}: 'void java.lang.invoke.DirectMethodHandle$Holder.invokeStatic(java.lang.Object, java.lang.Object, java.lang.Object)'> (0x00000000d81626d0) 
thrown [s\src\hotspot\share\interpreter\linkResolver.cpp, line 771]
Event: 0.693 Thread 0x000001b8848bff50 Exception <a 'java/lang/NoSuchMethodError'{0x00000000d7ffcb00}: 'java.lang.Object java.lang.invoke.DirectMethodHandle$Holder.newInvokeSpecial(java.lang.Object, java.lang.Object, int)'> (0x00000000d7ffcb00) 
thrown [s\src\hotspot\share\interpreter\linkResolver.cpp, line 771]
Event: 0.873 Thread 0x000001b8848bff50 Exception <a 'java/lang/NoSuchMethodError'{0x00000000d9062458}: static [Ljava/lang/Object;.<clinit>()V> (0x00000000d9062458) 
thrown [s\src\hotspot\share\prims\jni.cpp, line 1108]
Event: 0.906 Thread 0x000001b8848bff50 Exception <a 'java/lang/NoSuchMethodError'{0x00000000d8f59890}: static Lcom/intellij/database/remote/jdba/core/ConnectionInfo;.<clinit>()V> (0x00000000d8f59890) 
thrown [s\src\hotspot\share\prims\jni.cpp, line 1108]
Event: 0.907 Thread 0x000001b8848bff50 Exception <a 'java/lang/NoSuchMethodError'{0x00000000d8f63c48}: static Ljava/lang/Object;.<clinit>()V> (0x00000000d8f63c48) 
thrown [s\src\hotspot\share\prims\jni.cpp, line 1108]
Event: 0.907 Thread 0x000001b8848bff50 Exception <a 'java/lang/NoSuchMethodError'{0x00000000d8f67798}: static [I.<clinit>()V> (0x00000000d8f67798) 
thrown [s\src\hotspot\share\prims\jni.cpp, line 1108]
Event: 0.955 Thread 0x000001b8848bff50 Exception <a 'java/lang/NoSuchMethodError'{0x00000000d8e84a00}: static Lcom/intellij/database/remote/jdba/core/ResultLayout;.<clinit>()V> (0x00000000d8e84a00) 
thrown [s\src\hotspot\share\prims\jni.cpp, line 1108]
Event: 0.955 Thread 0x000001b8848bff50 Exception <a 'java/lang/NoSuchMethodError'{0x00000000d8e910d0}: static Lcom/intellij/database/remote/jdba/core/RowLayout;.<clinit>()V> (0x00000000d8e910d0) 
thrown [s\src\hotspot\share\prims\jni.cpp, line 1108]
Event: 0.956 Thread 0x000001b8848bff50 Exception <a 'java/lang/NoSuchMethodError'{0x00000000d8e9d8e8}: static Lcom/intellij/database/remote/jdba/util/NameAndClass;.<clinit>()V> (0x00000000d8e9d8e8) 
thrown [s\src\hotspot\share\prims\jni.cpp, line 1108]
Event: 1.202 Thread 0x000001b8848bff50 Exception <a 'java/lang/NoSuchMethodError'{0x00000000d8cb1120}: static [J.<clinit>()V> (0x00000000d8cb1120) 
thrown [s\src\hotspot\share\prims\jni.cpp, line 1108]
Event: 1.636 Thread 0x000001b8848c1290 Implicit null exception at 0x000001b8f7468100 to 0x000001b8f746817c
Event: 2.707 Thread 0x000001b8848bff50 Exception <a 'java/lang/NoSuchMethodError'{0x00000000d7e6c560}: 'void java.lang.invoke.DirectMethodHandle$Holder.invokeSpecial(java.lang.Object, java.lang.Object, java.lang.Object)'> (0x00000000d7e6c560) 
thrown [s\src\hotspot\share\interpreter\linkResolver.cpp, line 771]
Event: 300.425 Thread 0x000001b8848c3440 Implicit null exception at 0x000001b8f7491f36 to 0x000001b8f7492258
Event: 3249.121 Thread 0x000001b8848c2f70 Implicit null exception at 0x000001b8f7490d60 to 0x000001b8f7490e18
Event: 3249.277 Thread 0x000001b8848c2f70 Exception <a 'java/lang/NoSuchMethodError'{0x00000000d8c096b8}: 'void java.lang.invoke.DirectMethodHandle$Holder.invokeStaticInit(java.lang.Object)'> (0x00000000d8c096b8) 
thrown [s\src\hotspot\share\interpreter\linkResolver.cpp, line 771]
Event: 3249.793 Thread 0x000001b88687f7b0 Exception <a 'java/lang/NoSuchMethodError'{0x00000000d885af48}: 'void java.lang.invoke.DirectMethodHandle$Holder.invokeInterface(java.lang.Object, java.lang.Object)'> (0x00000000d885af48) 
thrown [s\src\hotspot\share\interpreter\linkResolver.cpp, line 771]

VM Operations (20 events):
Event: 3249.300 Executing VM operation: HandshakeAllThreads
Event: 3249.311 Executing VM operation: HandshakeAllThreads done
Event: 3249.311 Executing VM operation: Cleanup
Event: 3249.315 Executing VM operation: Cleanup done
Event: 3250.315 Executing VM operation: Cleanup
Event: 3250.316 Executing VM operation: Cleanup done
Event: 3253.316 Executing VM operation: Cleanup
Event: 3253.316 Executing VM operation: Cleanup done
Event: 3259.318 Executing VM operation: Cleanup
Event: 3259.318 Executing VM operation: Cleanup done
Event: 3262.319 Executing VM operation: Cleanup
Event: 3262.319 Executing VM operation: Cleanup done
Event: 3352.352 Executing VM operation: Cleanup
Event: 3352.352 Executing VM operation: Cleanup done
Event: 3358.354 Executing VM operation: Cleanup
Event: 3358.354 Executing VM operation: Cleanup done
Event: 3361.356 Executing VM operation: Cleanup
Event: 3361.356 Executing VM operation: Cleanup done
Event: 3466.392 Executing VM operation: Cleanup
Event: 3466.393 Executing VM operation: Cleanup done

Events (20 events):
Event: 3249.822 loading class java/lang/invoke/VarHandleInts$FieldStaticReadOnly done
Event: 3249.822 loading class java/lang/invoke/VarHandleInts$FieldStaticReadWrite done
Event: 3249.822 loading class java/util/concurrent/ForkJoinPool$DefaultForkJoinWorkerThreadFactory
Event: 3249.823 loading class java/util/concurrent/ForkJoinPool$ForkJoinWorkerThreadFactory
Event: 3249.823 loading class java/util/concurrent/ForkJoinPool$ForkJoinWorkerThreadFactory done
Event: 3249.823 loading class java/util/concurrent/ForkJoinPool$DefaultForkJoinWorkerThreadFactory done
Event: 3249.823 loading class java/util/concurrent/ForkJoinPool$1
Event: 3249.823 loading class java/util/concurrent/ForkJoinPool$1 done
Event: 3249.824 loading class java/util/concurrent/ForkJoinPool$DefaultCommonPoolForkJoinWorkerThreadFactory
Event: 3249.824 loading class java/util/concurrent/ForkJoinPool$DefaultCommonPoolForkJoinWorkerThreadFactory done
Event: 3249.824 loading class java/util/concurrent/ForkJoinPool$WorkQueue
Event: 3249.825 loading class java/util/concurrent/ForkJoinPool$WorkQueue done
Event: 3249.825 loading class java/util/concurrent/ForkJoinWorkerThread
Event: 3249.825 loading class java/util/concurrent/ForkJoinWorkerThread done
Event: 3251.004 loading class sun/awt/AppContext$PostShutdownEventRunnable
Event: 3251.004 loading class sun/awt/AppContext$PostShutdownEventRunnable done
Event: 3251.004 loading class sun/awt/AWTAutoShutdown$1
Event: 3251.004 loading class sun/awt/AWTAutoShutdown$1 done
Event: 3251.004 Thread 0x000001b8848c1290 Thread exited: 0x000001b8848c1290
Event: 3251.004 Thread 0x000001b88687f7b0 Thread exited: 0x000001b88687f7b0


Dynamic libraries:
0x00007ff6fca60000 - 0x00007ff6fca6a000 	C:\Program Files\JetBrains\IntelliJ IDEA 2022.3.3\jbr\bin\java.exe
0x00007ffc14d90000 - 0x00007ffc14f88000 	C:\Windows\SYSTEM32\ntdll.dll
0x00007ffc13920000 - 0x00007ffc139df000 	C:\Windows\System32\KERNEL32.DLL
0x00007ffc12890000 - 0x00007ffc12b6a000 	C:\Windows\System32\KERNELBASE.dll
0x00007ffc12470000 - 0x00007ffc12570000 	C:\Windows\System32\ucrtbase.dll
0x00007ffc01e80000 - 0x00007ffc01e9b000 	C:\Program Files\JetBrains\IntelliJ IDEA 2022.3.3\jbr\bin\VCRUNTIME140.dll
0x00007ffc0bdb0000 - 0x00007ffc0bdc7000 	C:\Program Files\JetBrains\IntelliJ IDEA 2022.3.3\jbr\bin\jli.dll
0x00007ffc13aa0000 - 0x00007ffc13c3d000 	C:\Windows\System32\USER32.dll
0x00007ffbfc440000 - 0x00007ffbfc6da000 	C:\Windows\WinSxS\amd64_microsoft.windows.common-controls_6595b64144ccf1df_6.0.19041.1110_none_60b5254171f9507e\COMCTL32.dll
0x00007ffc12680000 - 0x00007ffc126a2000 	C:\Windows\System32\win32u.dll
0x00007ffc13170000 - 0x00007ffc1320e000 	C:\Windows\System32\msvcrt.dll
0x00007ffc13750000 - 0x00007ffc1377b000 	C:\Windows\System32\GDI32.dll
0x00007ffc12570000 - 0x00007ffc12680000 	C:\Windows\System32\gdi32full.dll
0x00007ffc12b70000 - 0x00007ffc12c0d000 	C:\Windows\System32\msvcp_win.dll
0x00007ffc14540000 - 0x00007ffc14570000 	C:\Windows\System32\IMM32.DLL
0x00007ffc02ce0000 - 0x00007ffc02cec000 	C:\Program Files\JetBrains\IntelliJ IDEA 2022.3.3\jbr\bin\vcruntime140_1.dll
0x00007ffbf4340000 - 0x00007ffbf43cd000 	C:\Program Files\JetBrains\IntelliJ IDEA 2022.3.3\jbr\bin\msvcp140.dll
0x00007ffbe3fd0000 - 0x00007ffbe4c3d000 	C:\Program Files\JetBrains\IntelliJ IDEA 2022.3.3\jbr\bin\server\jvm.dll
0x00007ffc14570000 - 0x00007ffc1461e000 	C:\Windows\System32\ADVAPI32.dll
0x00007ffc12f70000 - 0x00007ffc1300c000 	C:\Windows\System32\sechost.dll
0x00007ffc14bf0000 - 0x00007ffc14d16000 	C:\Windows\System32\RPCRT4.dll
0x00007ffc089e0000 - 0x00007ffc08a07000 	C:\Windows\SYSTEM32\WINMM.dll
0x00007ffc08a10000 - 0x00007ffc08a1a000 	C:\Windows\SYSTEM32\VERSION.dll
0x00007ffc010c0000 - 0x00007ffc010c9000 	C:\Windows\SYSTEM32\WSOCK32.dll
0x00007ffc13210000 - 0x00007ffc1327b000 	C:\Windows\System32\WS2_32.dll
0x00007ffc10350000 - 0x00007ffc10362000 	C:\Windows\SYSTEM32\kernel.appcore.dll
0x00007ffc0de30000 - 0x00007ffc0de3a000 	C:\Program Files\JetBrains\IntelliJ IDEA 2022.3.3\jbr\bin\jimage.dll
0x00007ffc0cee0000 - 0x00007ffc0d0c4000 	C:\Windows\SYSTEM32\DBGHELP.DLL
0x00007ffc0d310000 - 0x00007ffc0d344000 	C:\Windows\SYSTEM32\dbgcore.DLL
0x00007ffc12c10000 - 0x00007ffc12c92000 	C:\Windows\System32\bcryptPrimitives.dll
0x00007ffc0c520000 - 0x00007ffc0c545000 	C:\Program Files\JetBrains\IntelliJ IDEA 2022.3.3\jbr\bin\java.dll
0x00007ffc0d5d0000 - 0x00007ffc0d5e8000 	C:\Program Files\JetBrains\IntelliJ IDEA 2022.3.3\jbr\bin\zip.dll
0x00007ffc13cd0000 - 0x00007ffc14414000 	C:\Windows\System32\SHELL32.dll
0x00007ffc10550000 - 0x00007ffc10ce3000 	C:\Windows\SYSTEM32\windows.storage.dll
0x00007ffc147d0000 - 0x00007ffc14b24000 	C:\Windows\System32\combase.dll
0x00007ffc11e60000 - 0x00007ffc11e8e000 	C:\Windows\SYSTEM32\Wldp.dll
0x00007ffc14620000 - 0x00007ffc146cd000 	C:\Windows\System32\SHCORE.dll
0x00007ffc14b30000 - 0x00007ffc14b85000 	C:\Windows\System32\shlwapi.dll
0x00007ffc123b0000 - 0x00007ffc123cf000 	C:\Windows\SYSTEM32\profapi.dll
0x00007ffc0c940000 - 0x00007ffc0c959000 	C:\Program Files\JetBrains\IntelliJ IDEA 2022.3.3\jbr\bin\net.dll
0x00007ffc0d6c0000 - 0x00007ffc0d7ca000 	C:\Windows\SYSTEM32\WINHTTP.dll
0x00007ffc11b50000 - 0x00007ffc11bba000 	C:\Windows\system32\mswsock.dll
0x00007ffc0c5b0000 - 0x00007ffc0c5c6000 	C:\Program Files\JetBrains\IntelliJ IDEA 2022.3.3\jbr\bin\nio.dll
0x00007ffbe8140000 - 0x00007ffbe82d3000 	C:\Program Files\JetBrains\IntelliJ IDEA 2022.3.3\jbr\bin\awt.dll
0x00007ffc13010000 - 0x00007ffc130dd000 	C:\Windows\System32\OLEAUT32.dll
0x00007ffc10060000 - 0x00007ffc1008f000 	C:\Windows\SYSTEM32\dwmapi.dll
0x00007ffc0fce0000 - 0x00007ffc0fd70000 	C:\Windows\SYSTEM32\apphelp.dll
0x00007ffc0fe80000 - 0x00007ffc0ff1e000 	C:\Windows\system32\uxtheme.dll
0x00007ffc14420000 - 0x00007ffc14534000 	C:\Windows\System32\MSCTF.dll
0x00007ffc137e0000 - 0x00007ffc1390a000 	C:\Windows\System32\ole32.dll
0x00007ffc11840000 - 0x00007ffc1187c000 	C:\Windows\SYSTEM32\IPHLPAPI.DLL
0x00007ffc13a90000 - 0x00007ffc13a98000 	C:\Windows\System32\NSI.dll
0x00007ffc0d930000 - 0x00007ffc0d947000 	C:\Windows\SYSTEM32\dhcpcsvc6.DLL
0x00007ffc0dad0000 - 0x00007ffc0daed000 	C:\Windows\SYSTEM32\dhcpcsvc.DLL
0x00007ffc11880000 - 0x00007ffc1194b000 	C:\Windows\SYSTEM32\DNSAPI.dll
0x00007ffc11dc0000 - 0x00007ffc11dd8000 	C:\Windows\SYSTEM32\CRYPTSP.dll
0x00007ffc11470000 - 0x00007ffc114a4000 	C:\Windows\system32\rsaenh.dll
0x00007ffc12860000 - 0x00007ffc12887000 	C:\Windows\System32\bcrypt.dll
0x00007ffc12370000 - 0x00007ffc1239e000 	C:\Windows\SYSTEM32\USERENV.dll
0x00007ffc11db0000 - 0x00007ffc11dbc000 	C:\Windows\SYSTEM32\CRYPTBASE.dll
0x00007ffc0c370000 - 0x00007ffc0c377000 	C:\Program Files\JetBrains\IntelliJ IDEA 2022.3.3\jbr\bin\rmi.dll
0x00007ffc09d50000 - 0x00007ffc09d5a000 	C:\Windows\System32\rasadhlp.dll
0x00007ffc048a0000 - 0x00007ffc04920000 	C:\Windows\System32\fwpuclnt.dll
0x00007ffc0d850000 - 0x00007ffc0d859000 	C:\Program Files\JetBrains\IntelliJ IDEA 2022.3.3\jbr\bin\management.dll
0x00007ffc0c590000 - 0x00007ffc0c59b000 	C:\Program Files\JetBrains\IntelliJ IDEA 2022.3.3\jbr\bin\management_ext.dll
0x00007ffc130e0000 - 0x00007ffc130e8000 	C:\Windows\System32\PSAPI.DLL
0x00007ffc0c580000 - 0x00007ffc0c58e000 	C:\Program Files\JetBrains\IntelliJ IDEA 2022.3.3\jbr\bin\sunmscapi.dll
0x00007ffc126b0000 - 0x00007ffc12806000 	C:\Windows\System32\CRYPT32.dll
0x00007ffc11ed0000 - 0x00007ffc11ef8000 	C:\Windows\SYSTEM32\ncrypt.dll
0x00007ffc11e90000 - 0x00007ffc11ecb000 	C:\Windows\SYSTEM32\NTASN1.dll
0x00007ffc07870000 - 0x00007ffc0791c000 	C:\Windows\SYSTEM32\TextShaping.dll
0x00007ffbee6c0000 - 0x00007ffbee7e5000 	C:\Windows\system32\opengl32.dll
0x00007ffc0c190000 - 0x00007ffc0c1bc000 	C:\Windows\SYSTEM32\GLU32.dll
0x00007ffba3860000 - 0x00007ffba3a2d000 	C:\Windows\system32\d3d9.dll
0x00007ffc08a20000 - 0x00007ffc08b87000 	C:\Windows\SYSTEM32\aticfx64.dll
0x00007ffba3830000 - 0x00007ffba3851000 	C:\Windows\SYSTEM32\atiu9p64.dll
0x00007ffba2fd0000 - 0x00007ffba3829000 	C:\Windows\SYSTEM32\atiumd64.dll
0x00000000601f0000 - 0x0000000060a78000 	C:\Windows\SYSTEM32\atiumd6a.dll
0x00007ffc122e0000 - 0x00007ffc1232b000 	C:\Windows\SYSTEM32\POWRPROF.dll
0x00007ffc122c0000 - 0x00007ffc122d2000 	C:\Windows\SYSTEM32\UMPDC.dll

dbghelp: loaded successfully - version: 4.0.5 - missing functions: none
symbol engine: initialized successfully - sym options: 0x614 - pdb path: .;C:\Program Files\JetBrains\IntelliJ IDEA 2022.3.3\jbr\bin;C:\Windows\SYSTEM32;C:\Windows\WinSxS\amd64_microsoft.windows.common-controls_6595b64144ccf1df_6.0.19041.1110_none_60b5254171f9507e;C:\Program Files\JetBrains\IntelliJ IDEA 2022.3.3\jbr\bin\server

VM Arguments:
jvm_args: -Dawt.toolkit=com.intellij.desktop.DesktopActionsToolkit -Djava.rmi.server.hostname=127.0.0.1 -Duser.timezone=UTC -Xmx750m -Xms128m --add-exports=java.desktop/sun.awt=ALL-UNNAMED --add-exports=java.desktop/java.awt.peer=ALL-UNNAMED --add-opens=java.desktop/java.awt=ALL-UNNAMED --add-opens=jdk.unsupported/sun.misc=ALL-UNNAMED --add-opens=java.base/java.nio=ALL-UNNAMED --add-opens=java.base/java.util=ALL-UNNAMED -Dfile.encoding=UTF-8 
java_command: com.intellij.database.remote.RemoteJdbcServer org.postgresql.Driver
java_class_path (initial): C:\Program Files\JetBrains\IntelliJ IDEA 2022.3.3\lib\util_rt.jar;C:\Program Files\JetBrains\IntelliJ IDEA 2022.3.3\lib\3rd-party-rt.jar;C:\Program Files\JetBrains\IntelliJ IDEA 2022.3.3\lib\groovy.jar;C:\Program Files\JetBrains\IntelliJ IDEA 2022.3.3\plugins\DatabaseTools\lib\jdbc-console.jar;C:\Program Files\JetBrains\IntelliJ IDEA 2022.3.3\plugins\grid-core-impl\lib\jdbc-console-types.jar;C:\Users\Admin\AppData\Roaming\JetBrains\IntelliJIdea2022.3\jdbc-drivers\PostgreSQL\42.5.0\org\postgresql\postgresql\42.5.0\postgresql-42.5.0.jar;C:\Users\Admin\AppData\Roaming\JetBrains\IntelliJIdea2022.3\jdbc-drivers\PostgreSQL\42.5.0\org\checkerframework\checker-qual\3.5.0\checker-qual-3.5.0.jar;C:\Users\Admin\AppData\Roaming\JetBrains\IntelliJIdea2022.3\jdbc-drivers\PostgreSQL\42.5.0\net\java\dev\jna\jna-platform\4.5.1\jna-platform-4.5.1.jar;C:\Users\Admin\AppData\Roaming\JetBrains\IntelliJIdea2022.3\jdbc-drivers\PostgreSQL\42.5.0\net\java\dev\jna\jna\4.5.1\jna-4.5.1.jar;C:\Users\Admin\AppData\Roaming\JetBrains\IntelliJIdea2022.3\jdbc-drivers\PostgreSQL\42.5.0\com\github\waffle\waffle-jna\1.9.1\waffle-jna-1.9.1.jar;C:\Users\Admin\AppData\Roaming\JetBrains\IntelliJIdea2022.3\jdbc-drivers\PostgreSQL\42.5.0\org\slf4j\jcl-over-slf4j\1.7.25\jcl-over-slf4j-1.7.25.jar;C:\Users\Admin\AppData\Roaming\JetBrains\IntelliJIdea2022.3\jdbc-drivers\PostgreSQL\42.5.0\org\slf4j\slf4j-api\1.7.25\slf4j-api-1.7.25.jar;C:\Users\Admin\AppData\Roaming\JetBrains\IntelliJIdea2022.3\jdbc-drivers\PostgreSQL\42.5.0\com\github\ben-manes\caffeine\caffeine\2.6.2\caffeine-2.6.2.jar
Launcher Type: SUN_STANDARD

[Global flags]
     intx CICompilerCount                          = 4                                         {product} {ergonomic}
     uint ConcGCThreads                            = 2                                         {product} {ergonomic}
     uint G1ConcRefinementThreads                  = 8                                         {product} {ergonomic}
   size_t G1HeapRegionSize                         = 1048576                                   {product} {ergonomic}
    uintx GCDrainStackTargetSize                   = 64                                        {product} {ergonomic}
   size_t InitialHeapSize                          = 134217728                                 {product} {command line}
   size_t MarkStackSize                            = 4194304                                   {product} {ergonomic}
   size_t MaxHeapSize                              = 786432000                                 {product} {command line}
   size_t MaxNewSize                               = 471859200                                 {product} {ergonomic}
   size_t MinHeapDeltaBytes                        = 1048576                                   {product} {ergonomic}
   size_t MinHeapSize                              = 134217728                                 {product} {command line}
    uintx NonNMethodCodeHeapSize                   = 5839372                                {pd product} {ergonomic}
    uintx NonProfiledCodeHeapSize                  = 122909434                              {pd product} {ergonomic}
    uintx ProfiledCodeHeapSize                     = 122909434                              {pd product} {ergonomic}
    uintx ReservedCodeCacheSize                    = 251658240                              {pd product} {ergonomic}
     bool SegmentedCodeCache                       = true                                      {product} {ergonomic}
   size_t SoftMaxHeapSize                          = 786432000                              {manageable} {ergonomic}
     bool UseCompressedClassPointers               = true                           {product lp64_product} {ergonomic}
     bool UseCompressedOops                        = true                           {product lp64_product} {ergonomic}
     bool UseG1GC                                  = true                                      {product} {ergonomic}
     bool UseLargePagesIndividualAllocation        = false                                  {pd product} {ergonomic}

Logging:
Log output configuration:
 #0: stdout all=warning uptime,level,tags
 #1: stderr all=off uptime,level,tags

Environment Variables:
PATH=C:\Python311\Scripts\;C:\Python311\;C:\Program Files\Common Files\Oracle\Java\javapath;C:\Windows\system32;C:\Windows;C:\Windows\System32\Wbem;C:\Windows\System32\WindowsPowerShell\v1.0\;C:\Windows\System32\OpenSSH\;C:\Program Files (x86)\ATI Technologies\ATI.ACE\Core-Static;C:\Program Files (x86)\dotnet\;C:\ProgramData\chocolatey\bin;C:\Program Files (x86)\nodejs\;C:\Program Files\Git\cmd;C:\Users\Admin\AppData\Local\Microsoft\WindowsApps;;C:\Users\Admin\AppData\Local\Programs\Microsoft VS Code\bin;C:\Users\Admin\AppData\Roaming\npm
USERNAME=Admin
OS=Windows_NT
PROCESSOR_IDENTIFIER=Intel64 Family 6 Model 165 Stepping 3, GenuineIntel
TMP=C:\Users\Admin\AppData\Local\Temp
TEMP=C:\Users\Admin\AppData\Local\Temp



---------------  S Y S T E M  ---------------

OS:
 Windows 10 , 64 bit Build 19041 (10.0.19041.2788)
OS uptime: 11 days 23:13 hours

CPU: total 8 (initial active 8) (4 cores per cpu, 2 threads per core) family 6 model 165 stepping 3 microcode 0xea, cx8, cmov, fxsr, ht, mmx, 3dnowpref, sse, sse2, sse3, ssse3, sse4.1, sse4.2, popcnt, lzcnt, tsc, tscinvbit, avx, avx2, aes, erms, clmul, bmi1, bmi2, adx, fma, vzeroupper, clflush, clflushopt

Memory: 4k page, system-wide physical 8041M (408M free)
TotalPageFile size 32617M (AvailPageFile size 0M)
current process WorkingSet (physical memory assigned to process): 61M, peak: 126M
current process commit charge ("private bytes"): 253M, peak: 259M

vm_info: OpenJDK 64-Bit Server VM (17.0.6+1-b653.34) for windows-amd64 JRE (17.0.6+1-b653.34), built on 2023-02-24 by "builduser" with MS VC++ 16.10 / 16.11 (VS2019)

END.
